<?xml version="1.0" encoding="UTF-8"?>
<!-- Generated by org.testng.reporters.JUnitReportReporter -->
<testsuite hostname="DESKTOP-N5SAE63" failures="0" tests="5" name="dataDrivenTest.DataDrivenTest_Excel" time="3.683" errors="0" timestamp="2022-01-04T11:44:55 IST" skipped="0">
  <testcase classname="dataDrivenTest.DataDrivenTest_Excel" name="postNewEmployee" time="0.051"/>
  <system-out/>
  <testcase classname="dataDrivenTest.DataDrivenTest_Excel" name="postNewEmployee" time="0.055"/>
  <system-out/>
  <testcase classname="dataDrivenTest.DataDrivenTest_Excel" name="postNewEmployee" time="0.046"/>
  <system-out/>
  <testcase classname="dataDrivenTest.DataDrivenTest_Excel" name="postNewEmployee" time="3.473"/>
  <system-out/>
  <testcase classname="dataDrivenTest.DataDrivenTest_Excel" name="postNewEmployee" time="0.058"/>
  <system-out/>
</testsuite> <!-- dataDrivenTest.DataDrivenTest_Excel -->
