<?xml version="1.0" encoding="UTF-8"?>
<!-- Generated by org.testng.reporters.JUnitReportReporter -->
<testsuite hostname="DESKTOP-N5SAE63" failures="0" tests="1" name="TC06_GET_AllNodesData" time="5.348" errors="0" timestamp="2022-01-05T18:51:44 IST" skipped="0">
  <testcase classname="TC06_GET_AllNodesData" name="getAllExcelValues" time="5.348"/>
  <system-out/>
</testsuite> <!-- TC06_GET_AllNodesData -->
