<?xml version="1.0" encoding="UTF-8"?>
<!-- Generated by org.testng.reporters.JUnitReportReporter -->
<testsuite hostname="DESKTOP-N5SAE63" failures="0" tests="1" name="TC05_GET_VALUESOFEACHJSONNode" time="3.265" errors="0" timestamp="2022-01-04T13:06:43 IST" skipped="0">
  <testcase classname="TC05_GET_VALUESOFEACHJSONNode" name="getUserJSONValues" time="3.265"/>
  <system-out/>
</testsuite> <!-- TC05_GET_VALUESOFEACHJSONNode -->
