<?xml version="1.0" encoding="UTF-8"?>
<!-- Generated by org.testng.reporters.JUnitReportReporter -->
<testsuite hostname="DESKTOP-N5SAE63" failures="0" tests="1" name="TC04_GET_BODY_Validation" time="2.225" errors="0" timestamp="2021-12-30T21:17:08 IST" skipped="0">
  <testcase classname="TC04_GET_BODY_Validation" name="getUserBodyDetails" time="2.225"/>
  <system-out/>
</testsuite> <!-- TC04_GET_BODY_Validation -->
