<?xml version="1.0" encoding="UTF-8"?>
<!-- Generated by org.testng.reporters.JUnitReportReporter -->
<testsuite hostname="DESKTOP-N5SAE63" failures="0" tests="1" name="TC03_GET_HEADER_Validation" time="8.211" errors="0" timestamp="2022-01-04T12:18:37 IST" skipped="0">
  <testcase classname="TC03_GET_HEADER_Validation" name="getAllHeaders" time="8.211"/>
  <system-out/>
</testsuite> <!-- TC03_GET_HEADER_Validation -->
